# JRE version: OpenJDK Runtime Environment (23.0.2+7) (build 23.0.2+7-58)
# Java VM: OpenJDK 64-Bit Server VM (23.0.2+7-58, mixed mode, sharing, tiered, compressed oops, compressed class ptrs, g1 gc, windows-amd64)
GC Precious Log:
 CardTable entry size: 512
 Card Set container configuration: InlinePtr #cards 4 size 8 Array Of Cards #cards 16 size 48 Howl #buckets 8 coarsen threshold 3686 Howl Bitmap #cards 512 size 80 coarsen threshold 460 Card regions per heap region 1 cards per card region 4096
 CPUs: 12 total, 12 available
 Memory: 15668M
 Large Page Support: Disabled
 NUMA Support: Disabled
 Compressed Oops: Enabled (Zero based)
 Heap Region Size: 2M
 Heap Min Capacity: 8M
 Heap Initial Capacity: 246M
 Heap Max Capacity: 3918M
 Pre-touch: Disabled
 Parallel Workers: 10
 Concurrent Workers: 3
 Concurrent Refinement Workers: 10
 Periodic GC: Disabled
Heap:
 garbage-first heap   total reserved 4012032K, committed 153600K, used 43170K [0x000000070b200000, 0x0000000800000000)
  region size 2048K, 10 young (20480K), 5 survivors (10240K)
 Metaspace       used 72793K, committed 73600K, reserved 1114112K
  class space    used 10059K, committed 10432K, reserved 1048576K
GC Heap History (20 events):
Event: 2.551 GC heap before
{Heap before GC invocations=5 (full 0):
 garbage-first heap   total reserved 4012032K, committed 55296K, used 35596K [0x000000070b200000, 0x0000000800000000)
  region size 2048K, 12 young (24576K), 2 survivors (4096K)
 Metaspace       used 28449K, committed 28928K, reserved 1114112K
  class space    used 3688K, committed 3904K, reserved 1048576K
}
Event: 2.554 GC heap after
{Heap after GC invocations=6 (full 0):
 garbage-first heap   total reserved 4012032K, committed 55296K, used 16824K [0x000000070b200000, 0x0000000800000000)
  region size 2048K, 2 young (4096K), 2 survivors (4096K)
 Metaspace       used 28449K, committed 28928K, reserved 1114112K
  class space    used 3688K, committed 3904K, reserved 1048576K
}
Event: 2.946 GC heap before
{Heap before GC invocations=6 (full 0):
 garbage-first heap   total reserved 4012032K, committed 55296K, used 37304K [0x000000070b200000, 0x0000000800000000)
  region size 2048K, 13 young (26624K), 2 survivors (4096K)
 Metaspace       used 31722K, committed 32192K, reserved 1114112K
  class space    used 4112K, committed 4288K, reserved 1048576K
}
Event: 2.950 GC heap after
{Heap after GC invocations=7 (full 0):
 garbage-first heap   total reserved 4012032K, committed 55296K, used 18585K [0x000000070b200000, 0x0000000800000000)
  region size 2048K, 1 young (2048K), 1 survivors (2048K)
 Metaspace       used 31722K, committed 32192K, reserved 1114112K
  class space    used 4112K, committed 4288K, reserved 1048576K
}
Event: 3.195 GC heap before
{Heap before GC invocations=7 (full 0):
 garbage-first heap   total reserved 4012032K, committed 55296K, used 30873K [0x000000070b200000, 0x0000000800000000)
  region size 2048K, 8 young (16384K), 1 survivors (2048K)
 Metaspace       used 35633K, committed 36096K, reserved 1114112K
  class space    used 4678K, committed 4864K, reserved 1048576K
}
Event: 3.196 GC heap after
{Heap after GC invocations=8 (full 0):
 garbage-first heap   total reserved 4012032K, committed 55296K, used 19102K [0x000000070b200000, 0x0000000800000000)
  region size 2048K, 2 young (4096K), 2 survivors (4096K)
 Metaspace       used 35633K, committed 36096K, reserved 1114112K
  class space    used 4678K, committed 4864K, reserved 1048576K
}
Event: 3.619 GC heap before
{Heap before GC invocations=9 (full 0):
 garbage-first heap   total reserved 4012032K, committed 55296K, used 41630K [0x000000070b200000, 0x0000000800000000)
  region size 2048K, 13 young (26624K), 2 survivors (4096K)
 Metaspace       used 42104K, committed 42688K, reserved 1114112K
  class space    used 5619K, committed 5888K, reserved 1048576K
}
Event: 3.622 GC heap after
{Heap after GC invocations=10 (full 0):
 garbage-first heap   total reserved 4012032K, committed 55296K, used 21153K [0x000000070b200000, 0x0000000800000000)
  region size 2048K, 2 young (4096K), 2 survivors (4096K)
 Metaspace       used 42104K, committed 42688K, reserved 1114112K
  class space    used 5619K, committed 5888K, reserved 1048576K
}
Event: 3.940 GC heap before
{Heap before GC invocations=10 (full 0):
 garbage-first heap   total reserved 4012032K, committed 55296K, used 41633K [0x000000070b200000, 0x0000000800000000)
  region size 2048K, 13 young (26624K), 2 survivors (4096K)
 Metaspace       used 48627K, committed 49152K, reserved 1114112K
  class space    used 6584K, committed 6784K, reserved 1048576K
}
Event: 3.943 GC heap after
{Heap after GC invocations=11 (full 0):
 garbage-first heap   total reserved 4012032K, committed 55296K, used 22542K [0x000000070b200000, 0x0000000800000000)
  region size 2048K, 2 young (4096K), 2 survivors (4096K)
 Metaspace       used 48627K, committed 49152K, reserved 1114112K
  class space    used 6584K, committed 6784K, reserved 1048576K
}
Event: 4.330 GC heap before
{Heap before GC invocations=11 (full 0):
 garbage-first heap   total reserved 4012032K, committed 55296K, used 43022K [0x000000070b200000, 0x0000000800000000)
  region size 2048K, 13 young (26624K), 2 survivors (4096K)
 Metaspace       used 55111K, committed 55680K, reserved 1114112K
  class space    used 7614K, committed 7872K, reserved 1048576K
}
Event: 4.333 GC heap after
{Heap after GC invocations=12 (full 0):
 garbage-first heap   total reserved 4012032K, committed 55296K, used 23945K [0x000000070b200000, 0x0000000800000000)
  region size 2048K, 2 young (4096K), 2 survivors (4096K)
 Metaspace       used 55111K, committed 55680K, reserved 1114112K
  class space    used 7614K, committed 7872K, reserved 1048576K
}
Event: 4.696 GC heap before
{Heap before GC invocations=12 (full 0):
 garbage-first heap   total reserved 4012032K, committed 55296K, used 44425K [0x000000070b200000, 0x0000000800000000)
  region size 2048K, 12 young (24576K), 2 survivors (4096K)
 Metaspace       used 59159K, committed 59776K, reserved 1114112K
  class space    used 8139K, committed 8448K, reserved 1048576K
}
Event: 4.700 GC heap after
{Heap after GC invocations=13 (full 0):
 garbage-first heap   total reserved 4012032K, committed 55296K, used 26180K [0x000000070b200000, 0x0000000800000000)
  region size 2048K, 2 young (4096K), 2 survivors (4096K)
 Metaspace       used 59159K, committed 59776K, reserved 1114112K
  class space    used 8139K, committed 8448K, reserved 1048576K
}
Event: 4.813 GC heap before
{Heap before GC invocations=13 (full 0):
 garbage-first heap   total reserved 4012032K, committed 55296K, used 30276K [0x000000070b200000, 0x0000000800000000)
  region size 2048K, 5 young (10240K), 2 survivors (4096K)
 Metaspace       used 59915K, committed 60480K, reserved 1114112K
  class space    used 8255K, committed 8512K, reserved 1048576K
}
Event: 4.816 GC heap after
{Heap after GC invocations=14 (full 0):
 garbage-first heap   total reserved 4012032K, committed 55296K, used 26701K [0x000000070b200000, 0x0000000800000000)
  region size 2048K, 1 young (2048K), 1 survivors (2048K)
 Metaspace       used 59915K, committed 60480K, reserved 1114112K
  class space    used 8255K, committed 8512K, reserved 1048576K
}
Event: 5.225 GC heap before
{Heap before GC invocations=15 (full 0):
 garbage-first heap   total reserved 4012032K, committed 55296K, used 47181K [0x000000070b200000, 0x0000000800000000)
  region size 2048K, 11 young (22528K), 1 survivors (2048K)
 Metaspace       used 62358K, committed 62976K, reserved 1114112K
  class space    used 8695K, committed 8960K, reserved 1048576K
}
Event: 5.228 GC heap after
{Heap after GC invocations=16 (full 0):
 garbage-first heap   total reserved 4012032K, committed 153600K, used 28861K [0x000000070b200000, 0x0000000800000000)
  region size 2048K, 2 young (4096K), 2 survivors (4096K)
 Metaspace       used 62358K, committed 62976K, reserved 1114112K
  class space    used 8695K, committed 8960K, reserved 1048576K
}
Event: 180.359 GC heap before
{Heap before GC invocations=16 (full 0):
 garbage-first heap   total reserved 4012032K, committed 153600K, used 116925K [0x000000070b200000, 0x0000000800000000)
  region size 2048K, 45 young (92160K), 2 survivors (4096K)
 Metaspace       used 72242K, committed 72960K, reserved 1114112K
  class space    used 9994K, committed 10304K, reserved 1048576K
}
Event: 180.369 GC heap after
{Heap after GC invocations=17 (full 0):
 garbage-first heap   total reserved 4012032K, committed 153600K, used 34978K [0x000000070b200000, 0x0000000800000000)
  region size 2048K, 5 young (10240K), 5 survivors (10240K)
 Metaspace       used 72242K, committed 72960K, reserved 1114112K
  class space    used 9994K, committed 10304K, reserved 1048576K
}

